<?xml version="1.0" encoding="UTF-8"?>
<!-- Generated by org.testng.reporters.JUnitXMLReporter -->
<testsuite ignored="0" hostname="Abinav-PAD" failures="0" tests="5" name="PurchaseFlowTests" time="29.871" errors="0" timestamp="2025-12-02T09:05:44 IST">
  <testcase classname="com.aajil.blazedemo.tests.PurchaseFlowTest" name="purchaseFlowTest" time="5.421"/>
  <testcase classname="com.aajil.blazedemo.tests.PurchaseFlowTest" name="purchaseFlowTest" time="6.158"/>
  <testcase classname="com.aajil.blazedemo.tests.PurchaseFlowTest" name="purchaseFlowTest" time="4.308"/>
  <testcase classname="com.aajil.blazedemo.tests.PurchaseFlowTest" name="purchaseFlowTest" time="3.8"/>
  <testcase classname="com.aajil.blazedemo.tests.PurchaseFlowTest" name="purchaseFlowTest" time="5.199"/>
</testsuite> <!-- PurchaseFlowTests -->
