<?xml version="1.0" encoding="UTF-8"?>
<testng-results ignored="0" total="5" passed="5" failed="0" skipped="0">
  <reporter-output>
  </reporter-output>
  <suite started-at="2025-12-02T09:05:14 IST" name="BlazeDemoSuite" finished-at="2025-12-02T09:05:44 IST" duration-ms="29871">
    <groups>
    </groups>
    <test started-at="2025-12-02T09:05:14 IST" name="PurchaseFlowTests" finished-at="2025-12-02T09:05:44 IST" duration-ms="29871">
      <class name="com.aajil.blazedemo.tests.PurchaseFlowTest">
        <test-method is-config="true" signature="setUp()[pri:0, instance:com.aajil.blazedemo.tests.PurchaseFlowTest@76f2bbc1]" started-at="2025-12-02T09:05:14 IST" name="setUp" finished-at="2025-12-02T09:05:15 IST" duration-ms="1451" status="PASS">
          <reporter-output>
          </reporter-output>
        </test-method> <!-- setUp -->
        <test-method signature="purchaseFlowTest(java.lang.String,java.lang.String)[pri:0, instance:com.aajil.blazedemo.tests.PurchaseFlowTest@76f2bbc1]" started-at="2025-12-02T09:05:15 IST" name="purchaseFlowTest" data-provider="cities" finished-at="2025-12-02T09:05:21 IST" duration-ms="5421" status="PASS">
          <params>
            <param index="0">
              <value>
                <![CDATA[Boston]]>
              </value>
            </param>
            <param index="1">
              <value>
                <![CDATA[New York]]>
              </value>
            </param>
          </params>
          <reporter-output>
          </reporter-output>
        </test-method> <!-- purchaseFlowTest -->
        <test-method is-config="true" signature="tearDown()[pri:0, instance:com.aajil.blazedemo.tests.PurchaseFlowTest@76f2bbc1]" started-at="2025-12-02T09:05:21 IST" name="tearDown" finished-at="2025-12-02T09:05:21 IST" duration-ms="198" status="PASS">
          <reporter-output>
          </reporter-output>
        </test-method> <!-- tearDown -->
        <test-method is-config="true" signature="setUp()[pri:0, instance:com.aajil.blazedemo.tests.PurchaseFlowTest@76f2bbc1]" started-at="2025-12-02T09:05:21 IST" name="setUp" finished-at="2025-12-02T09:05:21 IST" duration-ms="661" status="PASS">
          <reporter-output>
          </reporter-output>
        </test-method> <!-- setUp -->
        <test-method signature="purchaseFlowTest(java.lang.String,java.lang.String)[pri:0, instance:com.aajil.blazedemo.tests.PurchaseFlowTest@76f2bbc1]" started-at="2025-12-02T09:05:21 IST" name="purchaseFlowTest" data-provider="cities" finished-at="2025-12-02T09:05:28 IST" duration-ms="6158" status="PASS">
          <params>
            <param index="0">
              <value>
                <![CDATA[Philadelphia]]>
              </value>
            </param>
            <param index="1">
              <value>
                <![CDATA[London]]>
              </value>
            </param>
          </params>
          <reporter-output>
          </reporter-output>
        </test-method> <!-- purchaseFlowTest -->
        <test-method is-config="true" signature="tearDown()[pri:0, instance:com.aajil.blazedemo.tests.PurchaseFlowTest@76f2bbc1]" started-at="2025-12-02T09:05:28 IST" name="tearDown" finished-at="2025-12-02T09:05:28 IST" duration-ms="176" status="PASS">
          <reporter-output>
          </reporter-output>
        </test-method> <!-- tearDown -->
        <test-method is-config="true" signature="setUp()[pri:0, instance:com.aajil.blazedemo.tests.PurchaseFlowTest@76f2bbc1]" started-at="2025-12-02T09:05:28 IST" name="setUp" finished-at="2025-12-02T09:05:28 IST" duration-ms="651" status="PASS">
          <reporter-output>
          </reporter-output>
        </test-method> <!-- setUp -->
        <test-method signature="purchaseFlowTest(java.lang.String,java.lang.String)[pri:0, instance:com.aajil.blazedemo.tests.PurchaseFlowTest@76f2bbc1]" started-at="2025-12-02T09:05:28 IST" name="purchaseFlowTest" data-provider="cities" finished-at="2025-12-02T09:05:33 IST" duration-ms="4308" status="PASS">
          <params>
            <param index="0">
              <value>
                <![CDATA[San Diego]]>
              </value>
            </param>
            <param index="1">
              <value>
                <![CDATA[New York]]>
              </value>
            </param>
          </params>
          <reporter-output>
          </reporter-output>
        </test-method> <!-- purchaseFlowTest -->
        <test-method is-config="true" signature="tearDown()[pri:0, instance:com.aajil.blazedemo.tests.PurchaseFlowTest@76f2bbc1]" started-at="2025-12-02T09:05:33 IST" name="tearDown" finished-at="2025-12-02T09:05:33 IST" duration-ms="164" status="PASS">
          <reporter-output>
          </reporter-output>
        </test-method> <!-- tearDown -->
        <test-method is-config="true" signature="setUp()[pri:0, instance:com.aajil.blazedemo.tests.PurchaseFlowTest@76f2bbc1]" started-at="2025-12-02T09:05:33 IST" name="setUp" finished-at="2025-12-02T09:05:34 IST" duration-ms="666" status="PASS">
          <reporter-output>
          </reporter-output>
        </test-method> <!-- setUp -->
        <test-method signature="purchaseFlowTest(java.lang.String,java.lang.String)[pri:0, instance:com.aajil.blazedemo.tests.PurchaseFlowTest@76f2bbc1]" started-at="2025-12-02T09:05:34 IST" name="purchaseFlowTest" data-provider="cities" finished-at="2025-12-02T09:05:37 IST" duration-ms="3800" status="PASS">
          <params>
            <param index="0">
              <value>
                <![CDATA[Portland]]>
              </value>
            </param>
            <param index="1">
              <value>
                <![CDATA[Berlin]]>
              </value>
            </param>
          </params>
          <reporter-output>
          </reporter-output>
        </test-method> <!-- purchaseFlowTest -->
        <test-method is-config="true" signature="tearDown()[pri:0, instance:com.aajil.blazedemo.tests.PurchaseFlowTest@76f2bbc1]" started-at="2025-12-02T09:05:37 IST" name="tearDown" finished-at="2025-12-02T09:05:38 IST" duration-ms="179" status="PASS">
          <reporter-output>
          </reporter-output>
        </test-method> <!-- tearDown -->
        <test-method is-config="true" signature="setUp()[pri:0, instance:com.aajil.blazedemo.tests.PurchaseFlowTest@76f2bbc1]" started-at="2025-12-02T09:05:38 IST" name="setUp" finished-at="2025-12-02T09:05:38 IST" duration-ms="640" status="PASS">
          <reporter-output>
          </reporter-output>
        </test-method> <!-- setUp -->
        <test-method signature="purchaseFlowTest(java.lang.String,java.lang.String)[pri:0, instance:com.aajil.blazedemo.tests.PurchaseFlowTest@76f2bbc1]" started-at="2025-12-02T09:05:38 IST" name="purchaseFlowTest" data-provider="cities" finished-at="2025-12-02T09:05:43 IST" duration-ms="5199" status="PASS">
          <params>
            <param index="0">
              <value>
                <![CDATA[Mexico City]]>
              </value>
            </param>
            <param index="1">
              <value>
                <![CDATA[Cairo]]>
              </value>
            </param>
          </params>
          <reporter-output>
          </reporter-output>
        </test-method> <!-- purchaseFlowTest -->
        <test-method is-config="true" signature="tearDown()[pri:0, instance:com.aajil.blazedemo.tests.PurchaseFlowTest@76f2bbc1]" started-at="2025-12-02T09:05:43 IST" name="tearDown" finished-at="2025-12-02T09:05:44 IST" duration-ms="168" status="PASS">
          <reporter-output>
          </reporter-output>
        </test-method> <!-- tearDown -->
      </class> <!-- com.aajil.blazedemo.tests.PurchaseFlowTest -->
    </test> <!-- PurchaseFlowTests -->
  </suite> <!-- BlazeDemoSuite -->
</testng-results>
