<?xml version="1.0" encoding="UTF-8"?>
<!-- Generated by org.testng.reporters.JUnitReportReporter -->
<testsuite hostname="Abinav-PAD" failures="0" tests="5" name="com.aajil.blazedemo.tests.PurchaseFlowTest" time="29.840" errors="0" timestamp="2025-12-02T09:05:44 IST" skipped="0">
  <testcase classname="com.aajil.blazedemo.tests.PurchaseFlowTest" name="purchaseFlowTest" time="6.280"/>
  <system-out/>
  <testcase classname="com.aajil.blazedemo.tests.PurchaseFlowTest" name="purchaseFlowTest" time="6.018"/>
  <system-out/>
  <testcase classname="com.aajil.blazedemo.tests.PurchaseFlowTest" name="purchaseFlowTest" time="4.642"/>
  <system-out/>
  <testcase classname="com.aajil.blazedemo.tests.PurchaseFlowTest" name="purchaseFlowTest" time="5.923"/>
  <system-out/>
  <testcase classname="com.aajil.blazedemo.tests.PurchaseFlowTest" name="purchaseFlowTest" time="6.977"/>
  <system-out/>
</testsuite> <!-- com.aajil.blazedemo.tests.PurchaseFlowTest -->
